Case #1: our language is impossible to understand
Case #2: there are twenty six factorial possibilities
Case #3: so it is okay if you want to just give up
Case #4: xoggk d yl wxo vkkvgo ekso uyl wonw sywy
Case #5: xkf yto akj
Case #6: yabba dabba yabba dabba yabba dabba yabba dabba yabba dabba yabba dabba yabba dabba yabba dooooooooo
Case #7: a b c d e f g h i j k l m n o p q r s t u v y w x y z now i know my abcs
Case #8: next time wont you sing with me
Case #9: why do programmers always mix up halloween and christmas
Case #10: for those who speak in a tongue do not speak to other people
Case #11: nobody understands them since they are speaking mysteries in the spirit
Case #12: you pissed off the chicken lady
Case #13: all your base are belong to error the spoony bard
Case #14: now that you know googlerese please do not use it to hack into our systems
Case #15: by the pricking of my thumbs something wicked this way comes
Case #16: oh yeah alright were gonna shake it up with the party bear tonight
Case #17: it was the best of times it was the blurst of times
Case #18: whoooooooooooooooooooaaaaaaaaa i know c plus plus
Case #19: how are you holding up because im a potato
Case #20: our code jam is like the pythagorean theorem
Case #21: there is no answer
Case #22: pneumonoultramicroscopicsilicovolcanoconiosis
Case #23: friends dont let friends let scientific progress go boink
Case #24: in a world of direwolves and lions sometimes the rarest creature is a friend
Case #25: i have bested fruit spike and moon now i shall best you the guy
Case #26: translating text is not goros strength
Case #27: strength is goros strength
Case #28: greetings cheese popsicle the number you have dialed is currently out of porkchops
Case #29: dr zaius dr zaius dr zaius dr zaius ooooooooooooh dr zaius
Case #30: you want sell things at me boing zooom
